[15-Jan-2020 17:47:11 UTC] getting transient on template
[15-Jan-2020 17:47:11 UTC] 
[15-Jan-2020 17:47:21 UTC] add_to_cart_fragments is deprecated since version 3.0.0! Use woocommerce_add_to_cart_fragments instead.
[15-Jan-2020 17:47:24 UTC] setting transient
[15-Jan-2020 17:47:26 UTC] getting transient on template
[15-Jan-2020 17:47:26 UTC] Array
(
    [insurance_activation_code] => El codigo de activacion escrito no pudo ser validado
)

[15-Jan-2020 17:49:44 UTC] adding error label
[15-Jan-2020 17:49:56 UTC] setting transient
[15-Jan-2020 17:51:26 UTC] setting transient
[15-Jan-2020 17:51:28 UTC] adding error label
[15-Jan-2020 17:59:18 UTC] add_to_cart_fragments is deprecated since version 3.0.0! Use woocommerce_add_to_cart_fragments instead.
[15-Jan-2020 18:13:25 UTC] add_to_cart_fragments is deprecated since version 3.0.0! Use woocommerce_add_to_cart_fragments instead.
[15-Jan-2020 18:21:52 UTC] PHP Warning:  call_user_func_array() expects parameter 1 to be a valid callback, function 'cw_post_type_news' not found or invalid function name in /home2/ncoacces/public_html/wp-includes/class-wp-hook.php on line 288
[15-Jan-2020 18:21:52 UTC] PHP Warning:  call_user_func_array() expects parameter 1 to be a valid callback, function 'cw_post_type_news' not found or invalid function name in /home2/ncoacces/public_html/wp-includes/class-wp-hook.php on line 288
[15-Jan-2020 18:21:54 UTC] PHP Warning:  call_user_func_array() expects parameter 1 to be a valid callback, function 'cw_post_type_news' not found or invalid function name in /home2/ncoacces/public_html/wp-includes/class-wp-hook.php on line 288
[15-Jan-2020 18:21:54 UTC] add_to_cart_fragments is deprecated since version 3.0.0! Use woocommerce_add_to_cart_fragments instead.
[15-Jan-2020 18:21:55 UTC] PHP Warning:  call_user_func_array() expects parameter 1 to be a valid callback, function 'cw_post_type_news' not found or invalid function name in /home2/ncoacces/public_html/wp-includes/class-wp-hook.php on line 288
[15-Jan-2020 18:22:05 UTC] PHP Warning:  call_user_func_array() expects parameter 1 to be a valid callback, function 'cw_post_type_news' not found or invalid function name in /home2/ncoacces/public_html/wp-includes/class-wp-hook.php on line 288
[15-Jan-2020 18:22:14 UTC] PHP Warning:  call_user_func_array() expects parameter 1 to be a valid callback, function 'cw_post_type_news' not found or invalid function name in /home2/ncoacces/public_html/wp-includes/class-wp-hook.php on line 288
[15-Jan-2020 18:22:14 UTC] PHP Warning:  call_user_func_array() expects parameter 1 to be a valid callback, function 'cw_post_type_news' not found or invalid function name in /home2/ncoacces/public_html/wp-includes/class-wp-hook.php on line 288
[15-Jan-2020 18:22:16 UTC] PHP Warning:  call_user_func_array() expects parameter 1 to be a valid callback, function 'cw_post_type_news' not found or invalid function name in /home2/ncoacces/public_html/wp-includes/class-wp-hook.php on line 288
[15-Jan-2020 18:22:17 UTC] PHP Notice: A feed could not be found at https://yithemes.com/latest-updates/feeds/. A feed with an invalid mime type may fall victim to this error, or SimplePie was unable to auto-discover it.. Use force_feed() if you are certain this URL is a real feed. in /home2/ncoacces/public_html/wp-includes/class-simplepie.php on line 1555
[15-Jan-2020 18:22:17 UTC] PHP Notice: A feed could not be found at https://yithemes.com/feed/. A feed with an invalid mime type may fall victim to this error, or SimplePie was unable to auto-discover it.. Use force_feed() if you are certain this URL is a real feed. in /home2/ncoacces/public_html/wp-includes/class-simplepie.php on line 1555
[15-Jan-2020 18:22:19 UTC] PHP Warning:  call_user_func_array() expects parameter 1 to be a valid callback, function 'cw_post_type_news' not found or invalid function name in /home2/ncoacces/public_html/wp-includes/class-wp-hook.php on line 288
[15-Jan-2020 18:22:22 UTC] PHP Warning:  call_user_func_array() expects parameter 1 to be a valid callback, function 'cw_post_type_news' not found or invalid function name in /home2/ncoacces/public_html/wp-includes/class-wp-hook.php on line 288
[15-Jan-2020 18:22:24 UTC] PHP Warning:  call_user_func_array() expects parameter 1 to be a valid callback, function 'cw_post_type_news' not found or invalid function name in /home2/ncoacces/public_html/wp-includes/class-wp-hook.php on line 288
[15-Jan-2020 18:22:24 UTC] PHP Warning:  call_user_func_array() expects parameter 1 to be a valid callback, function 'cw_post_type_news' not found or invalid function name in /home2/ncoacces/public_html/wp-includes/class-wp-hook.php on line 288
[15-Jan-2020 18:22:24 UTC] PHP Warning:  call_user_func_array() expects parameter 1 to be a valid callback, function 'cw_post_type_news' not found or invalid function name in /home2/ncoacces/public_html/wp-includes/class-wp-hook.php on line 288
[15-Jan-2020 18:22:24 UTC] PHP Warning:  call_user_func_array() expects parameter 1 to be a valid callback, function 'cw_post_type_news' not found or invalid function name in /home2/ncoacces/public_html/wp-includes/class-wp-hook.php on line 288
[15-Jan-2020 18:22:34 UTC] PHP Warning:  call_user_func_array() expects parameter 1 to be a valid callback, function 'cw_post_type_news' not found or invalid function name in /home2/ncoacces/public_html/wp-includes/class-wp-hook.php on line 288
[15-Jan-2020 18:22:35 UTC] PHP Notice: A feed could not be found at https://yithemes.com/latest-updates/feeds/. A feed with an invalid mime type may fall victim to this error, or SimplePie was unable to auto-discover it.. Use force_feed() if you are certain this URL is a real feed. in /home2/ncoacces/public_html/wp-includes/class-simplepie.php on line 1555
[15-Jan-2020 18:22:35 UTC] PHP Notice: A feed could not be found at https://yithemes.com/feed/. A feed with an invalid mime type may fall victim to this error, or SimplePie was unable to auto-discover it.. Use force_feed() if you are certain this URL is a real feed. in /home2/ncoacces/public_html/wp-includes/class-simplepie.php on line 1555
[15-Jan-2020 18:22:36 UTC] PHP Warning:  call_user_func_array() expects parameter 1 to be a valid callback, function 'cw_post_type_news' not found or invalid function name in /home2/ncoacces/public_html/wp-includes/class-wp-hook.php on line 288
[15-Jan-2020 18:22:38 UTC] PHP Warning:  call_user_func_array() expects parameter 1 to be a valid callback, function 'cw_post_type_news' not found or invalid function name in /home2/ncoacces/public_html/wp-includes/class-wp-hook.php on line 288
[15-Jan-2020 18:22:38 UTC] PHP Warning:  call_user_func_array() expects parameter 1 to be a valid callback, function 'cw_post_type_news' not found or invalid function name in /home2/ncoacces/public_html/wp-includes/class-wp-hook.php on line 288
[15-Jan-2020 18:22:55 UTC] PHP Warning:  call_user_func_array() expects parameter 1 to be a valid callback, function 'cw_post_type_news' not found or invalid function name in /home2/ncoacces/public_html/wp-includes/class-wp-hook.php on line 288
[15-Jan-2020 18:22:55 UTC] PHP Notice: A feed could not be found at https://yithemes.com/latest-updates/feeds/. A feed with an invalid mime type may fall victim to this error, or SimplePie was unable to auto-discover it.. Use force_feed() if you are certain this URL is a real feed. in /home2/ncoacces/public_html/wp-includes/class-simplepie.php on line 1555
[15-Jan-2020 18:22:56 UTC] PHP Notice: A feed could not be found at https://yithemes.com/feed/. A feed with an invalid mime type may fall victim to this error, or SimplePie was unable to auto-discover it.. Use force_feed() if you are certain this URL is a real feed. in /home2/ncoacces/public_html/wp-includes/class-simplepie.php on line 1555
[15-Jan-2020 18:22:57 UTC] PHP Warning:  call_user_func_array() expects parameter 1 to be a valid callback, function 'cw_post_type_news' not found or invalid function name in /home2/ncoacces/public_html/wp-includes/class-wp-hook.php on line 288
[15-Jan-2020 18:23:03 UTC] PHP Warning:  call_user_func_array() expects parameter 1 to be a valid callback, function 'cw_post_type_news' not found or invalid function name in /home2/ncoacces/public_html/wp-includes/class-wp-hook.php on line 288
[15-Jan-2020 18:23:03 UTC] PHP Warning:  call_user_func_array() expects parameter 1 to be a valid callback, function 'cw_post_type_news' not found or invalid function name in /home2/ncoacces/public_html/wp-includes/class-wp-hook.php on line 288
[15-Jan-2020 18:24:32 UTC] PHP Notice: A feed could not be found at https://yithemes.com/latest-updates/feeds/. A feed with an invalid mime type may fall victim to this error, or SimplePie was unable to auto-discover it.. Use force_feed() if you are certain this URL is a real feed. in /home2/ncoacces/public_html/wp-includes/class-simplepie.php on line 1555
[15-Jan-2020 18:24:32 UTC] PHP Notice: A feed could not be found at https://yithemes.com/feed/. A feed with an invalid mime type may fall victim to this error, or SimplePie was unable to auto-discover it.. Use force_feed() if you are certain this URL is a real feed. in /home2/ncoacces/public_html/wp-includes/class-simplepie.php on line 1555
[15-Jan-2020 18:24:51 UTC] PHP Notice: A feed could not be found at https://yithemes.com/latest-updates/feeds/. A feed with an invalid mime type may fall victim to this error, or SimplePie was unable to auto-discover it.. Use force_feed() if you are certain this URL is a real feed. in /home2/ncoacces/public_html/wp-includes/class-simplepie.php on line 1555
[15-Jan-2020 18:24:51 UTC] PHP Notice: A feed could not be found at https://yithemes.com/feed/. A feed with an invalid mime type may fall victim to this error, or SimplePie was unable to auto-discover it.. Use force_feed() if you are certain this URL is a real feed. in /home2/ncoacces/public_html/wp-includes/class-simplepie.php on line 1555
[15-Jan-2020 18:25:47 UTC] add_to_cart_fragments is deprecated since version 3.0.0! Use woocommerce_add_to_cart_fragments instead.
[15-Jan-2020 18:29:45 UTC] PHP Notice: A feed could not be found at https://yithemes.com/latest-updates/feeds/. A feed with an invalid mime type may fall victim to this error, or SimplePie was unable to auto-discover it.. Use force_feed() if you are certain this URL is a real feed. in /home2/ncoacces/public_html/wp-includes/class-simplepie.php on line 1555
[15-Jan-2020 18:29:45 UTC] PHP Notice: A feed could not be found at https://yithemes.com/feed/. A feed with an invalid mime type may fall victim to this error, or SimplePie was unable to auto-discover it.. Use force_feed() if you are certain this URL is a real feed. in /home2/ncoacces/public_html/wp-includes/class-simplepie.php on line 1555
[15-Jan-2020 18:30:01 UTC] PHP Notice: A feed could not be found at https://yithemes.com/latest-updates/feeds/. A feed with an invalid mime type may fall victim to this error, or SimplePie was unable to auto-discover it.. Use force_feed() if you are certain this URL is a real feed. in /home2/ncoacces/public_html/wp-includes/class-simplepie.php on line 1555
[15-Jan-2020 18:30:02 UTC] PHP Notice: A feed could not be found at https://yithemes.com/feed/. A feed with an invalid mime type may fall victim to this error, or SimplePie was unable to auto-discover it.. Use force_feed() if you are certain this URL is a real feed. in /home2/ncoacces/public_html/wp-includes/class-simplepie.php on line 1555
[15-Jan-2020 18:39:05 UTC] PHP Parse error:  syntax error, unexpected ':' in /home2/ncoacces/public_html/wp-content/plugins/nco/templates/insurance/activation.php on line 11
[15-Jan-2020 18:42:23 UTC] PHP Parse error:  syntax error, unexpected ':' in /home2/ncoacces/public_html/wp-content/plugins/nco/templates/insurance/activation.php on line 16
[15-Jan-2020 18:42:47 UTC] PHP Parse error:  syntax error, unexpected ':' in /home2/ncoacces/public_html/wp-content/plugins/nco/templates/insurance/activation.php on line 16
[15-Jan-2020 18:44:09 UTC] PHP Parse error:  syntax error, unexpected ':' in /home2/ncoacces/public_html/wp-content/plugins/nco/templates/insurance/activation.php on line 17
[15-Jan-2020 18:45:24 UTC] getting activation template
[15-Jan-2020 18:46:08 UTC] getting activation template
[15-Jan-2020 18:49:22 UTC] PHP Parse error:  syntax error, unexpected 'set_transient' (T_STRING) in /home2/ncoacces/public_html/wp-content/plugins/nco/nco.php on line 198
[15-Jan-2020 18:49:28 UTC] PHP Parse error:  syntax error, unexpected 'set_transient' (T_STRING) in /home2/ncoacces/public_html/wp-content/plugins/nco/nco.php on line 198
[15-Jan-2020 18:49:30 UTC] PHP Parse error:  syntax error, unexpected 'set_transient' (T_STRING) in /home2/ncoacces/public_html/wp-content/plugins/nco/nco.php on line 198
[15-Jan-2020 18:49:51 UTC] PHP Parse error:  syntax error, unexpected 'set_transient' (T_STRING) in /home2/ncoacces/public_html/wp-content/plugins/nco/nco.php on line 198
[15-Jan-2020 18:49:54 UTC] getting activation template
[15-Jan-2020 18:49:54 UTC] $success : 
[15-Jan-2020 18:50:11 UTC] code activation successful, returning true
[15-Jan-2020 18:50:13 UTC] getting activation template
[15-Jan-2020 18:50:13 UTC] $success : 1
[15-Jan-2020 18:51:12 UTC] code activation successful, returning true
[15-Jan-2020 18:51:13 UTC] getting activation template
[15-Jan-2020 18:51:13 UTC] $success : 1
[15-Jan-2020 19:03:11 UTC] PHP Notice:  Undefined property: stdClass::$delete_posts in /home2/ncoacces/public_html/wp-admin/includes/class-wp-posts-list-table.php on line 416
[15-Jan-2020 19:03:25 UTC] add_to_cart_fragments is deprecated since version 3.0.0! Use woocommerce_add_to_cart_fragments instead.
[15-Jan-2020 19:05:51 UTC] PHP Notice:  Trying to get property of non-object in /home2/ncoacces/public_html/wp-content/plugins/woocommerce/includes/widgets/class-wc-widget-price-filter.php on line 77
[15-Jan-2020 19:07:25 UTC] PHP Notice:  Undefined property: stdClass::$delete_posts in /home2/ncoacces/public_html/wp-admin/includes/class-wp-posts-list-table.php on line 416
[15-Jan-2020 19:07:43 UTC] PHP Notice:  Undefined property: stdClass::$delete_posts in /home2/ncoacces/public_html/wp-admin/includes/class-wp-posts-list-table.php on line 416
[15-Jan-2020 19:08:08 UTC] PHP Notice:  Undefined property: stdClass::$delete_posts in /home2/ncoacces/public_html/wp-admin/includes/class-wp-posts-list-table.php on line 416
[15-Jan-2020 19:08:30 UTC] PHP Notice:  Undefined property: stdClass::$delete_posts in /home2/ncoacces/public_html/wp-admin/includes/class-wp-posts-list-table.php on line 416
[15-Jan-2020 19:08:56 UTC] PHP Notice:  Undefined property: stdClass::$delete_posts in /home2/ncoacces/public_html/wp-admin/includes/class-wp-posts-list-table.php on line 416
[15-Jan-2020 19:10:21 UTC] PHP Parse error:  syntax error, unexpected ''read_private_posts'' (T_CONSTANT_ENCAPSED_STRING), expecting ')' in /home2/ncoacces/public_html/wp-content/plugins/nco/nco.php on line 245
[15-Jan-2020 19:10:22 UTC] PHP Parse error:  syntax error, unexpected ''read_private_posts'' (T_CONSTANT_ENCAPSED_STRING), expecting ')' in /home2/ncoacces/public_html/wp-content/plugins/nco/nco.php on line 245
[15-Jan-2020 19:10:31 UTC] PHP Parse error:  syntax error, unexpected ''read_private_posts'' (T_CONSTANT_ENCAPSED_STRING), expecting ')' in /home2/ncoacces/public_html/wp-content/plugins/nco/nco.php on line 245
[15-Jan-2020 19:10:43 UTC] PHP Parse error:  syntax error, unexpected ';', expecting ')' in /home2/ncoacces/public_html/wp-content/plugins/nco/nco.php on line 246
[15-Jan-2020 19:10:45 UTC] PHP Parse error:  syntax error, unexpected ';', expecting ')' in /home2/ncoacces/public_html/wp-content/plugins/nco/nco.php on line 246
